<?xml version="1.0" encoding="UTF-8"?>
<testsuite xmlns:xsi="http://www.w3.org/2001/XMLSchema-instance" xsi:noNamespaceSchemaLocation="https://maven.apache.org/surefire/maven-surefire-plugin/xsd/surefire-test-report-3.0.xsd" version="3.0" name="CalculatorTest" time="0.571" tests="11" errors="0" skipped="0" failures="0">
  <properties>
[...]
</properties>
  <testcase name="testAddTwoPositiveNumbers" classname="CalculatorTest" time="0.09">
    <system-out><![CDATA[Aufruf vor jedem Test
Aufruf vor dem Test
Aufruf nach jedem Test
]]></system-out>
  </testcase>
  <testcase name="testMultiplyTwoNumbers" classname="CalculatorTest" time="0.01">
    <system-out><![CDATA[Aufruf vor jedem Test
Aufruf vor dem Test
Aufruf nach jedem Test
]]></system-out>
  </testcase>
  <testcase name="multiply_shouldReturnNull_ofZeroWiithMultipleIntegers(int)[1]" classname="CalculatorTest" time="0.084">
    <system-out><![CDATA[Aufruf vor jedem Test
Aufruf vor dem Test
Aufruf nach jedem Test
]]></system-out>
  </testcase>
  <testcase name="multiply_shouldReturnNull_ofZeroWiithMultipleIntegers(int)[2]" classname="CalculatorTest" time="0.003">
    <system-out><![CDATA[Aufruf vor jedem Test
Aufruf vor dem Test
Aufruf nach jedem Test
]]></system-out>
  </testcase>
  <testcase name="multiply_shouldReturnNull_ofZeroWiithMultipleIntegers(int)[3]" classname="CalculatorTest" time="0.011">
    <system-out><![CDATA[Aufruf vor jedem Test
Aufruf vor dem Test
Aufruf nach jedem Test
]]></system-out>
  </testcase>
  <testcase name="multiply_shouldReturnNull_ofZeroWiithMultipleIntegers(int)[4]" classname="CalculatorTest" time="0.004">
    <system-out><![CDATA[Aufruf vor jedem Test
Aufruf vor dem Test
Aufruf nach jedem Test
]]></system-out>
  </testcase>
  <testcase name="multiply_shouldReturnNull_ofZeroWiithMultipleIntegers(int)[5]" classname="CalculatorTest" time="0.005">
    <system-out><![CDATA[Aufruf vor jedem Test
Aufruf vor dem Test
Aufruf nach jedem Test
]]></system-out>
  </testcase>
  <testcase name="add_shouldReturnTheSum_ofMultipleIntegers(int, int, int)[1]" classname="CalculatorTest" time="0.093">
    <system-out><![CDATA[Aufruf vor jedem Test
Aufruf vor dem Test
Aufruf nach jedem Test
]]></system-out>
  </testcase>
  <testcase name="add_shouldReturnTheSum_ofMultipleIntegers(int, int, int)[2]" classname="CalculatorTest" time="0.003">
    <system-out><![CDATA[Aufruf vor jedem Test
Aufruf vor dem Test
Aufruf nach jedem Test
]]></system-out>
  </testcase>
  <testcase name="add_shouldReturnTheSum_ofMultipleIntegers(int, int, int)[3]" classname="CalculatorTest" time="0.007">
    <system-out><![CDATA[Aufruf vor jedem Test
Aufruf vor dem Test
Aufruf nach jedem Test
]]></system-out>
  </testcase>
  <testcase name="listDigits_shouldReturnsTheListOfDigits_ofPositivInteger" classname="CalculatorTest" time="0.011">
    <system-out><![CDATA[Aufruf vor jedem Test
Aufruf vor dem Test
Aufruf nach jedem Test
]]></system-out>
  </testcase>
</testsuite>